C:\Users\Administrator\Desktop\timer-app\timer-app\timer-app.vcxproj(178,5): warning MSB4011: "C:\Users\Administrator\AppData\Local\QtMsBuild\qt_defaults.props" cannot be imported again. It was already imported at "C:\Users\Administrator\Desktop\timer-app\timer-app\timer-app.vcxproj (58,3)". This is most likely a build authoring error. This subsequent import will be ignored. 
C:\Users\Administrator\Desktop\timer-app\timer-app\timer-app.vcxproj(184,3): warning MSB4011: "C:\Users\Administrator\AppData\Local\QtMsBuild\qt.targets" cannot be imported again. It was already imported at "C:\Users\Administrator\Desktop\timer-app\timer-app\timer-app.vcxproj (182,5)". This is most likely a build authoring error. This subsequent import will be ignored. 
   Qt/MSBuild: 3.4.0.1
  Reading Qt configuration (C:/Qt/6.6.3/msvc2019_64/bin/qmake)
   Qt: 6.6.3
  AlarmPanel.cpp
  MainWindow.cpp
  SplitPanel.cpp
  StopWatchPanel.cpp
C:\Users\Administrator\Desktop\timer-app\timer-app\AlarmPanel.cpp(1,1): warning C4828: The file contains a character starting at offset 0x22e that is illegal in the current source character set (codepage 65001).
C:\Users\Administrator\Desktop\timer-app\timer-app\AlarmPanel.h(4,10): error C1083: Cannot open include file: 'QWidget': No such file or directory
  (compiling source file 'AlarmPanel.cpp')
  
  test.cpp
C:\Users\Administrator\Desktop\timer-app\timer-app\MainWindow.h(4,10): error C1083: Cannot open include file: 'QMainWindow': No such file or directory
  (compiling source file 'MainWindow.cpp')
  
C:\Users\Administrator\Desktop\timer-app\timer-app\SplitPanel.cpp(1,1): warning C4828: The file contains a character starting at offset 0x1c4 that is illegal in the current source character set (codepage 65001).
  TimerPanel.cpp
C:\Users\Administrator\Desktop\timer-app\timer-app\StopWatchPanel.h(4,10): error C1083: Cannot open include file: 'QWidget': No such file or directory
  (compiling source file 'StopWatchPanel.cpp')
  
C:\Users\Administrator\Desktop\timer-app\timer-app\SplitPanel.h(4,10): error C1083: Cannot open include file: 'QWidget': No such file or directory
  (compiling source file 'SplitPanel.cpp')
  
C:\Users\Administrator\Desktop\timer-app\timer-app\test.cpp(129,10): error C1083: Cannot open include file: 'QApplication': No such file or directory
C:\Users\Administrator\Desktop\timer-app\timer-app\TimerPanel.h(4,10): error C1083: Cannot open include file: 'QWidget': No such file or directory
  (compiling source file 'TimerPanel.cpp')
  
